Messaging-Q/app/build/intermediates/manifest_merge_blame_file/release/manifest-merger-blame-release-report.txt
1<?xml version="1.0" encoding="utf-8"?>
2<manifest xmlns:android="http://schemas.android.com/apk/res/android"
3    package="com.android.Jmessaging"
4    android:installLocation="internalOnly"
5    android:versionCode="202103051"
6    android:versionName="1.2.9" >
7
8    <uses-sdk
9        android:minSdkVersion="21"
9-->src\main\AndroidManifest.xml
10        android:targetSdkVersion="28" />
10-->src\main\AndroidManifest.xml
11    <!-- Application holds CPU wakelock while working in background -->
12    <uses-permission android:name="android.permission.ACCESS_NETWORK_STATE" />
12-->src\main\AndroidManifest.xml:8:5-79
12-->src\main\AndroidManifest.xml:8:22-76
13    <uses-permission android:name="android.permission.ACCESS_NETWORK_STATE" />
13-->src\main\AndroidManifest.xml:8:5-79
13-->src\main\AndroidManifest.xml:8:22-76
14    <uses-permission android:name="android.permission.ACCESS_NETWORK_STATE" />
14-->src\main\AndroidManifest.xml:8:5-79
14-->src\main\AndroidManifest.xml:8:22-76
15    <!-- Application needs SMS/MMS permissions -->
16    <uses-feature
16-->src\main\AndroidManifest.xml:622:5-624:36
17        android:name="android.hardware.camera"
17-->src\main\AndroidManifest.xml:623:9-47
18        android:required="false" />
18-->src\main\AndroidManifest.xml:624:9-33
19    <uses-feature
19-->src\main\AndroidManifest.xml:625:5-627:36
20        android:name="android.hardware.camera.front"
20-->src\main\AndroidManifest.xml:626:9-53
21        android:required="false" />
21-->src\main\AndroidManifest.xml:627:9-33
22    <uses-feature
22-->src\main\AndroidManifest.xml:628:5-630:36
23        android:name="android.hardware.camera.autofocus"
23-->src\main\AndroidManifest.xml:629:9-57
24        android:required="false" />
24-->src\main\AndroidManifest.xml:630:9-33
25    <uses-feature
25-->src\main\AndroidManifest.xml:631:5-633:36
26        android:name="android.hardware.microphone"
26-->src\main\AndroidManifest.xml:632:9-51
27        android:required="false" />
27-->src\main\AndroidManifest.xml:633:9-33
28    <uses-feature
28-->src\main\AndroidManifest.xml:634:5-636:36
29        android:name="android.hardware.screen.portrait"
29-->src\main\AndroidManifest.xml:635:9-56
30        android:required="false" /> <!-- Application needs access to MMS network -->
30-->src\main\AndroidManifest.xml:636:9-33
31    <uses-feature
31-->src\main\AndroidManifest.xml:622:5-624:36
32        android:name="android.hardware.camera"
32-->src\main\AndroidManifest.xml:623:9-47
33        android:required="false" />
33-->src\main\AndroidManifest.xml:624:9-33
34    <uses-feature
34-->src\main\AndroidManifest.xml:625:5-627:36
35        android:name="android.hardware.camera.front"
35-->src\main\AndroidManifest.xml:626:9-53
36        android:required="false" />
36-->src\main\AndroidManifest.xml:627:9-33
37    <uses-feature
37-->src\main\AndroidManifest.xml:628:5-630:36
38        android:name="android.hardware.camera.autofocus"
38-->src\main\AndroidManifest.xml:629:9-57
39        android:required="false" /> <!-- Application needs CONTACT permissions -->
39-->src\main\AndroidManifest.xml:630:9-33
40    <uses-feature
40-->src\main\AndroidManifest.xml:631:5-633:36
41        android:name="android.hardware.microphone"
41-->src\main\AndroidManifest.xml:632:9-51
42        android:required="false" />
42-->src\main\AndroidManifest.xml:633:9-33
43    <uses-feature
43-->src\main\AndroidManifest.xml:634:5-636:36
44        android:name="android.hardware.screen.portrait"
44-->src\main\AndroidManifest.xml:635:9-56
45        android:required="false" /> <!-- Application needs to read profiles for the user itself from CP2 -->
45-->src\main\AndroidManifest.xml:636:9-33
46    <uses-permission android:name="android.permission.WAKE_LOCK" />
46-->src\main\AndroidManifest.xml:652:5-68
46-->src\main\AndroidManifest.xml:652:22-65
47    <uses-permission android:name="android.permission.ACCESS_NETWORK_STATE" />
47-->src\main\AndroidManifest.xml:8:5-79
47-->src\main\AndroidManifest.xml:8:22-76
48    <uses-permission android:name="android.permission.READ_SMS" />
48-->src\main\AndroidManifest.xml:654:5-67
48-->src\main\AndroidManifest.xml:654:22-64
49    <uses-permission android:name="android.permission.WRITE_SMS" />
49-->src\main\AndroidManifest.xml:655:5-68
49-->src\main\AndroidManifest.xml:655:22-65
50    <uses-permission android:name="android.permission.RECEIVE_SMS" />
50-->src\main\AndroidManifest.xml:656:5-70
50-->src\main\AndroidManifest.xml:656:22-67
51    <uses-permission android:name="android.permission.RECEIVE_MMS" />
51-->src\main\AndroidManifest.xml:657:5-70
51-->src\main\AndroidManifest.xml:657:22-67
52    <uses-permission android:name="android.permission.SEND_SMS" />
52-->src\main\AndroidManifest.xml:658:5-67
52-->src\main\AndroidManifest.xml:658:22-64
53    <uses-permission android:name="android.permission.INTERNET" />
53-->src\main\AndroidManifest.xml:659:5-67
53-->src\main\AndroidManifest.xml:659:22-64
54    <uses-permission android:name="android.permission.ACCESS_NETWORK_STATE" />
54-->src\main\AndroidManifest.xml:8:5-79
54-->src\main\AndroidManifest.xml:8:22-76
55    <uses-permission android:name="android.permission.CHANGE_NETWORK_STATE" />
55-->src\main\AndroidManifest.xml:661:5-79
55-->src\main\AndroidManifest.xml:661:22-76
56    <uses-permission android:name="android.permission.READ_CONTACTS" />
56-->src\main\AndroidManifest.xml:662:5-72
56-->src\main\AndroidManifest.xml:662:22-69
57    <uses-permission android:name="android.permission.WRITE_CONTACTS" /> <!-- Optional features -->
57-->src\main\AndroidManifest.xml:663:5-73
57-->src\main\AndroidManifest.xml:663:22-70
58    <uses-permission android:name="android.permission.READ_PROFILE" />
58-->src\main\AndroidManifest.xml:664:5-71
58-->src\main\AndroidManifest.xml:664:22-68
59    <uses-permission android:name="android.permission.VIBRATE" />
59-->src\main\AndroidManifest.xml:665:5-66
59-->src\main\AndroidManifest.xml:665:22-63
60    <uses-permission android:name="android.permission.READ_PHONE_STATE" />
60-->src\main\AndroidManifest.xml:666:5-75
60-->src\main\AndroidManifest.xml:666:22-72
61    <uses-permission android:name="android.permission.REQUEST_INSTALL_PACKAGES" />
61-->src\main\AndroidManifest.xml:667:5-83
61-->src\main\AndroidManifest.xml:667:22-80
62    <uses-permission android:name="android.permission.CAMERA" />
62-->src\main\AndroidManifest.xml:668:5-65
62-->src\main\AndroidManifest.xml:668:22-62
63    <uses-permission android:name="android.permission.WRITE_EXTERNAL_STORAGE" /> <!-- Optional features -->
63-->src\main\AndroidManifest.xml:669:5-81
63-->src\main\AndroidManifest.xml:669:22-78
64    <uses-permission android:name="android.permission.READ_EXTERNAL_STORAGE" />
64-->src\main\AndroidManifest.xml:670:5-80
64-->src\main\AndroidManifest.xml:670:22-77
65    <uses-permission android:name="android.permission.RECORD_AUDIO" />
65-->src\main\AndroidManifest.xml:671:5-71
65-->src\main\AndroidManifest.xml:671:22-68
66    <!-- <uses-permission android:name="android.permission.CALL_PHONE" /> -->
67    <uses-permission android:name="android.permission.DOWNLOAD_WITHOUT_NOTIFICATION" />
67-->src\main\AndroidManifest.xml:673:5-88
67-->src\main\AndroidManifest.xml:673:22-85
68    <uses-permission android:name="android.permission.RECEIVE_BOOT_COMPLETED" /> <!-- 百度地图权限 -->
68-->src\main\AndroidManifest.xml:674:5-81
68-->src\main\AndroidManifest.xml:674:22-78
69    <!-- 这个权限用于进行网络定位 -->
70    <uses-permission android:name="android.permission.FOREGROUND_SERVICE" /> <!-- 这个权限用于访问GPS定位 -->
70-->src\main\AndroidManifest.xml:676:5-77
70-->src\main\AndroidManifest.xml:676:22-74
71    <uses-permission android:name="android.permission.ACCESS_COARSE_LOCATION" /> <!-- 用于访问wifi网络信息，wifi信息会用于进行网络定位 -->
71-->src\main\AndroidManifest.xml:677:5-81
71-->src\main\AndroidManifest.xml:677:22-78
72    <uses-permission android:name="android.permission.ACCESS_FINE_LOCATION" /> <!-- 这个权限用于获取wifi的获取权限，wifi信息会用来进行网络定位 -->
72-->src\main\AndroidManifest.xml:678:5-79
72-->src\main\AndroidManifest.xml:678:22-76
73    <uses-permission android:name="android.permission.ACCESS_WIFI_STATE" /> <!-- SD卡读取权限，用户写入离线定位数据 -->
73-->src\main\AndroidManifest.xml:679:5-76
73-->src\main\AndroidManifest.xml:679:22-73
74    <uses-permission android:name="android.permission.CHANGE_WIFI_STATE" /> <!-- juphoon -->
74-->src\main\AndroidManifest.xml:680:5-76
74-->src\main\AndroidManifest.xml:680:22-73
75    <uses-permission android:name="android.permission.MOUNT_UNMOUNT_FILESYSTEMS" />
75-->src\main\AndroidManifest.xml:681:5-84
75-->src\main\AndroidManifest.xml:681:22-81
76    <uses-permission android:name="android.permission.SYSTEM_ALERT_WINDOW" /> <!-- juphoon 应用号加入 -->
76-->src\main\AndroidManifest.xml:682:5-78
76-->src\main\AndroidManifest.xml:682:22-75
77    <uses-permission android:name="android.permission.RECORD_AUDIO" /> <!-- juphoon 接收 Rcs Service 广播 -->
77-->src\main\AndroidManifest.xml:671:5-71
77-->src\main\AndroidManifest.xml:671:22-68
78    <uses-permission android:name="com.nativeapp.rcsapp.permission" />
78-->src\main\AndroidManifest.xml:684:5-71
78-->src\main\AndroidManifest.xml:684:22-68
79    <uses-permission android:name="com.juphoon.rcs_maap.notify.permission" />
79-->src\main\AndroidManifest.xml:685:5-78
79-->src\main\AndroidManifest.xml:685:22-75
80    <uses-permission android:name="android.permission.READ_CALENDAR" />
80-->src\main\AndroidManifest.xml:686:5-72
80-->src\main\AndroidManifest.xml:686:22-69
81    <uses-permission android:name="android.permission.WRITE_CALENDAR" />
81-->src\main\AndroidManifest.xml:687:5-73
81-->src\main\AndroidManifest.xml:687:22-70
82    <uses-permission android:name="android.provider.Telephony.ACTION_CHANGE_DEFAULT" />
82-->src\main\AndroidManifest.xml:688:5-87
82-->src\main\AndroidManifest.xml:688:22-85
83    <uses-permission android:name="android.provider.Telephony.SMS_DELIVER" />
83-->src\main\AndroidManifest.xml:689:5-77
83-->src\main\AndroidManifest.xml:689:22-75
84    <uses-permission android:name="android.permission.BIND_REMOTEVIEWS" />
84-->src\main\AndroidManifest.xml:690:5-75
84-->src\main\AndroidManifest.xml:690:22-72
85    <uses-permission android:name="android.permission.READ_PRIVILEGED_PHONE_STATE" />
85-->[:rcsservice:] AndroidManifest.xml:26:5-86
85-->[:rcsservice:] AndroidManifest.xml:26:22-83
86    <uses-permission android:name="android.permission.MODIFY_PHONE_STATE" />
86-->[:rcsservice:] AndroidManifest.xml:28:5-77
86-->[:rcsservice:] AndroidManifest.xml:28:22-74
87
88    <permission android:name="com.juphoon.rcs_maap.notify.permission" />
88-->[:rcsservice:] AndroidManifest.xml:31:5-73
88-->[:rcsservice:] AndroidManifest.xml:31:17-70
89
90    <uses-permission android:name="android.permission.FLASHLIGHT" /> <!-- unavailable in API 23 -->
90-->[:zxing] AndroidManifest.xml:30:5-69
90-->[:zxing] AndroidManifest.xml:30:22-66
91    <uses-permission android:name="com.android.browser.permission.READ_HISTORY_BOOKMARKS" />
91-->[:zxing] AndroidManifest.xml:33:5-93
91-->[:zxing] AndroidManifest.xml:33:22-90
92
93    <uses-feature android:name="android.hardware.camera.any" />
93-->[:zxing] AndroidManifest.xml:38:5-64
93-->[:zxing] AndroidManifest.xml:38:19-61
94    <uses-feature
94-->[:zxing] AndroidManifest.xml:42:5-44:36
95        android:name="android.hardware.camera.flash"
95-->[:zxing] AndroidManifest.xml:43:9-53
96        android:required="false" />
96-->[:zxing] AndroidManifest.xml:44:9-33
97    <uses-feature android:name="android.hardware.screen.landscape" />
97-->[:zxing] AndroidManifest.xml:45:5-70
97-->[:zxing] AndroidManifest.xml:45:19-67
98    <uses-feature
98-->[:zxing] AndroidManifest.xml:46:5-48:36
99        android:name="android.hardware.wifi"
99-->[:zxing] AndroidManifest.xml:47:9-45
100        android:required="false" />
100-->[:zxing] AndroidManifest.xml:48:9-33
101
102    <application
102-->src\main\AndroidManifest.xml:13:5-621:19
103        android:name="com.android.messaging.BugleApplication"
103-->src\main\AndroidManifest.xml:14:9-41
104        android:allowBackup="false"
104-->src\main\AndroidManifest.xml:15:9-36
105        android:appComponentFactory="androidx.core.app.CoreComponentFactory"
105-->[androidx.core:core:1.2.0] AndroidManifest.xml:24:18-86
106        android:icon="@drawable/rcschatlogo"
106-->src\main\AndroidManifest.xml:16:9-45
107        android:label="@string/app_name"
107-->src\main\AndroidManifest.xml:17:9-41
108        android:networkSecurityConfig="@xml/network_security_config"
108-->src\main\AndroidManifest.xml:18:9-69
109        android:persistent="true"
109-->src\main\AndroidManifest.xml:20:9-34
110        android:supportsRtl="true"
110-->src\main\AndroidManifest.xml:19:9-35
111        android:theme="@style/BugleTheme"
111-->src\main\AndroidManifest.xml:21:9-42
112        android:usesCleartextTraffic="true" >
112-->src\main\AndroidManifest.xml:22:9-44
113        <activity android:name="com.juphoon.ui.RcsLoginActivity" />
113-->src\main\AndroidManifest.xml:24:9-77
113-->src\main\AndroidManifest.xml:24:19-65
114        <!-- Displays a list of conversations -->
115        <activity
115-->src\main\AndroidManifest.xml:26:9-31:53
116            android:name="com.juphoon.ui.RcsRegisterActivity"
116-->src\main\AndroidManifest.xml:27:13-62
117            android:configChanges="orientation|screenSize|keyboardHidden"
117-->src\main\AndroidManifest.xml:28:13-74
118            android:exported="true"
118-->src\main\AndroidManifest.xml:29:13-36
119            android:label=""
119-->src\main\AndroidManifest.xml:30:13-29
120            android:screenOrientation="landscape" />
120-->src\main\AndroidManifest.xml:31:13-50
121        <activity
121-->src\main\AndroidManifest.xml:33:9-45:20
122            android:name="com.android.messaging.ui.conversationlist.ConversationListActivity"
122-->src\main\AndroidManifest.xml:34:13-73
123            android:configChanges="orientation|screenSize|keyboardHidden"
123-->src\main\AndroidManifest.xml:35:13-74
124            android:label="@string/app_name"
124-->src\main\AndroidManifest.xml:36:13-45
125            android:screenOrientation="landscape"
125-->src\main\AndroidManifest.xml:37:13-50
126            android:theme="@style/AppTheme" >
126-->src\main\AndroidManifest.xml:38:13-44
127            <intent-filter>
127-->src\main\AndroidManifest.xml:39:13-44:29
128                <action android:name="android.intent.action.MAIN" />
128-->src\main\AndroidManifest.xml:40:17-69
128-->src\main\AndroidManifest.xml:40:25-66
129
130                <category android:name="android.intent.category.LAUNCHER" />
130-->src\main\AndroidManifest.xml:41:17-77
130-->src\main\AndroidManifest.xml:41:27-74
131                <category android:name="android.intent.category.DEFAULT" />
131-->src\main\AndroidManifest.xml:42:17-76
131-->src\main\AndroidManifest.xml:42:27-73
132                <category android:name="android.intent.category.APP_MESSAGING" />
132-->src\main\AndroidManifest.xml:43:17-82
132-->src\main\AndroidManifest.xml:43:27-79
133            </intent-filter>
134        </activity>
135        <activity
135-->src\main\AndroidManifest.xml:46:9-49:53
136            android:name="com.android.messaging.ui.PermissionCheckActivity"
136-->src\main\AndroidManifest.xml:47:13-55
137            android:configChanges="orientation|screenSize|keyboardHidden"
137-->src\main\AndroidManifest.xml:48:13-74
138            android:screenOrientation="landscape" /> <!-- Launches a conversation (ensures correct app name shown in recents) -->
138-->src\main\AndroidManifest.xml:49:13-50
139        <activity
139-->src\main\AndroidManifest.xml:50:9-77:20
140            android:name="com.android.messaging.ui.conversation.LaunchConversationActivity"
140-->src\main\AndroidManifest.xml:51:13-71
141            android:configChanges="orientation|screenSize|keyboardHidden"
141-->src\main\AndroidManifest.xml:52:13-74
142            android:documentLaunchMode="always"
142-->src\main\AndroidManifest.xml:53:13-48
143            android:noHistory="true"
143-->src\main\AndroidManifest.xml:54:13-37
144            android:screenOrientation="landscape"
144-->src\main\AndroidManifest.xml:55:13-50
145            android:theme="@style/Invisible" >
145-->src\main\AndroidManifest.xml:56:13-45
146            <intent-filter>
146-->src\main\AndroidManifest.xml:57:13-66:29
147                <action android:name="android.intent.action.VIEW" />
147-->src\main\AndroidManifest.xml:58:17-69
147-->src\main\AndroidManifest.xml:58:25-66
148                <action android:name="android.intent.action.SENDTO" />
148-->src\main\AndroidManifest.xml:59:17-71
148-->src\main\AndroidManifest.xml:59:25-68
149
150                <category android:name="android.intent.category.DEFAULT" />
150-->src\main\AndroidManifest.xml:42:17-76
150-->src\main\AndroidManifest.xml:42:27-73
151                <category android:name="android.intent.category.BROWSABLE" />
151-->src\main\AndroidManifest.xml:62:17-78
151-->src\main\AndroidManifest.xml:62:27-75
152
153                <data android:scheme="sms" />
153-->src\main\AndroidManifest.xml:64:17-46
153-->src\main\AndroidManifest.xml:64:23-43
154                <data android:scheme="smsto" />
154-->src\main\AndroidManifest.xml:64:17-46
154-->src\main\AndroidManifest.xml:64:23-43
155            </intent-filter>
156            <intent-filter>
156-->src\main\AndroidManifest.xml:67:13-76:29
157                <action android:name="android.intent.action.VIEW" />
157-->src\main\AndroidManifest.xml:58:17-69
157-->src\main\AndroidManifest.xml:58:25-66
158                <action android:name="android.intent.action.SENDTO" />
158-->src\main\AndroidManifest.xml:59:17-71
158-->src\main\AndroidManifest.xml:59:25-68
159
160                <category android:name="android.intent.category.DEFAULT" />
160-->src\main\AndroidManifest.xml:42:17-76
160-->src\main\AndroidManifest.xml:42:27-73
161                <category android:name="android.intent.category.BROWSABLE" />
161-->src\main\AndroidManifest.xml:62:17-78
161-->src\main\AndroidManifest.xml:62:27-75
162
163                <data android:scheme="mms" />
163-->src\main\AndroidManifest.xml:64:17-46
163-->src\main\AndroidManifest.xml:64:23-43
164                <data android:scheme="mmsto" />
164-->src\main\AndroidManifest.xml:64:17-46
164-->src\main\AndroidManifest.xml:64:23-43
165            </intent-filter>
166        </activity> <!-- Displays a list of archived conversations -->
167        <activity
167-->src\main\AndroidManifest.xml:78:9-88:20
168            android:name="com.android.messaging.ui.conversationlist.ArchivedConversationListActivity"
168-->src\main\AndroidManifest.xml:79:13-81
169            android:configChanges="orientation|screenSize|keyboardHidden"
169-->src\main\AndroidManifest.xml:80:13-74
170            android:label="@string/archived_activity_title"
170-->src\main\AndroidManifest.xml:81:13-60
171            android:parentActivityName="com.android.messaging.ui.conversationlist.ConversationListActivity"
171-->src\main\AndroidManifest.xml:82:13-87
172            android:screenOrientation="landscape"
172-->src\main\AndroidManifest.xml:83:13-50
173            android:theme="@style/BugleTheme.ArchivedConversationListActivity" >
173-->src\main\AndroidManifest.xml:84:13-79
174            <meta-data
174-->src\main\AndroidManifest.xml:85:13-87:102
175                android:name="android.support.PARENT_ACTIVITY"
175-->src\main\AndroidManifest.xml:86:17-63
176                android:value="com.android.messaging.ui.conversationlist.ConversationListActivity" />
176-->src\main\AndroidManifest.xml:87:17-99
177        </activity> <!-- Displays the contents of a single conversation -->
178        <activity
178-->src\main\AndroidManifest.xml:89:9-99:20
179            android:name="com.android.messaging.ui.conversation.ConversationActivity"
179-->src\main\AndroidManifest.xml:90:13-65
180            android:configChanges="orientation|screenSize|keyboardHidden"
180-->src\main\AndroidManifest.xml:91:13-74
181            android:parentActivityName="com.android.messaging.ui.conversationlist.ConversationListActivity"
181-->src\main\AndroidManifest.xml:92:13-87
182            android:screenOrientation="landscape"
182-->src\main\AndroidManifest.xml:93:13-50
183            android:theme="@style/BugleTheme.ConversationActivity"
183-->src\main\AndroidManifest.xml:94:13-67
184            android:windowSoftInputMode="stateHidden|adjustUnspecified" >
184-->src\main\AndroidManifest.xml:95:13-72
185            <meta-data
185-->src\main\AndroidManifest.xml:85:13-87:102
186                android:name="android.support.PARENT_ACTIVITY"
186-->src\main\AndroidManifest.xml:86:17-63
187                android:value="com.android.messaging.ui.conversationlist.ConversationListActivity" />
187-->src\main\AndroidManifest.xml:87:17-99
188        </activity> <!-- Blocked Participants -->
189        <activity
189-->src\main\AndroidManifest.xml:100:9-101:38
190            android:name="com.android.messaging.Api"
190-->src\main\AndroidManifest.xml:100:19-38
191            android:exported="true" />
191-->src\main\AndroidManifest.xml:101:13-36
192        <activity
192-->src\main\AndroidManifest.xml:102:9-112:20
193            android:name="com.android.messaging.ui.BlockedParticipantsActivity"
193-->src\main\AndroidManifest.xml:103:13-59
194            android:configChanges="orientation|screenSize|keyboardHidden"
194-->src\main\AndroidManifest.xml:104:13-74
195            android:label="@string/blocked_contacts_title"
195-->src\main\AndroidManifest.xml:105:13-59
196            android:parentActivityName="com.android.messaging.ui.conversationlist.ConversationListActivity"
196-->src\main\AndroidManifest.xml:106:13-87
197            android:screenOrientation="landscape"
197-->src\main\AndroidManifest.xml:107:13-50
198            android:theme="@style/BugleTheme" >
198-->src\main\AndroidManifest.xml:108:13-46
199            <meta-data
199-->src\main\AndroidManifest.xml:85:13-87:102
200                android:name="android.support.PARENT_ACTIVITY"
200-->src\main\AndroidManifest.xml:86:17-63
201                android:value="com.android.messaging.ui.conversationlist.ConversationListActivity" />
201-->src\main\AndroidManifest.xml:87:17-99
202        </activity> <!-- Full-screen photo viewer -->
203        <activity
203-->src\main\AndroidManifest.xml:113:9-118:58
204            android:name="com.android.messaging.ui.photoviewer.BuglePhotoViewActivity"
204-->src\main\AndroidManifest.xml:114:13-66
205            android:configChanges="orientation|screenSize|keyboardHidden"
205-->src\main\AndroidManifest.xml:115:13-74
206            android:label="@string/photo_view_activity_title"
206-->src\main\AndroidManifest.xml:116:13-62
207            android:screenOrientation="landscape"
207-->src\main\AndroidManifest.xml:117:13-50
208            android:theme="@style/BuglePhotoViewTheme" /> <!-- Settings -->
208-->src\main\AndroidManifest.xml:118:13-55
209        <activity
209-->src\main\AndroidManifest.xml:119:9-129:20
210            android:name="com.android.messaging.ui.appsettings.SettingsActivity"
210-->src\main\AndroidManifest.xml:120:13-60
211            android:configChanges="orientation|screenSize|keyboardHidden"
211-->src\main\AndroidManifest.xml:121:13-74
212            android:label="@string/settings_activity_title"
212-->src\main\AndroidManifest.xml:122:13-60
213            android:parentActivityName="com.android.messaging.ui.conversationlist.ConversationListActivity"
213-->src\main\AndroidManifest.xml:123:13-87
214            android:screenOrientation="landscape"
214-->src\main\AndroidManifest.xml:124:13-50
215            android:theme="@style/BugleTheme.SettingsActivity" >
215-->src\main\AndroidManifest.xml:125:13-63
216            <meta-data
216-->src\main\AndroidManifest.xml:85:13-87:102
217                android:name="android.support.PARENT_ACTIVITY"
217-->src\main\AndroidManifest.xml:86:17-63
218                android:value="com.android.messaging.ui.conversationlist.ConversationListActivity" />
218-->src\main\AndroidManifest.xml:87:17-99
219        </activity>
220        <activity
220-->src\main\AndroidManifest.xml:130:9-140:20
221            android:name="com.android.messaging.ui.appsettings.PerSubscriptionSettingsActivity"
221-->src\main\AndroidManifest.xml:131:13-75
222            android:configChanges="orientation|screenSize|keyboardHidden"
222-->src\main\AndroidManifest.xml:132:13-74
223            android:label="@string/advanced_settings_activity_title"
223-->src\main\AndroidManifest.xml:133:13-69
224            android:parentActivityName="com.android.messaging.ui.appsettings.SettingsActivity"
224-->src\main\AndroidManifest.xml:134:13-74
225            android:screenOrientation="landscape"
225-->src\main\AndroidManifest.xml:135:13-50
226            android:theme="@style/BugleTheme.SettingsActivity" >
226-->src\main\AndroidManifest.xml:136:13-63
227            <meta-data
227-->src\main\AndroidManifest.xml:85:13-87:102
228                android:name="android.support.PARENT_ACTIVITY"
228-->src\main\AndroidManifest.xml:86:17-63
229                android:value="com.android.messaging.ui.appsettings.SettingsActivity" />
229-->src\main\AndroidManifest.xml:87:17-99
230        </activity>
231        <activity
231-->src\main\AndroidManifest.xml:141:9-159:20
232            android:name="com.android.messaging.ui.appsettings.ApplicationSettingsActivity"
232-->src\main\AndroidManifest.xml:142:13-71
233            android:configChanges="orientation|screenSize|keyboardHidden"
233-->src\main\AndroidManifest.xml:143:13-74
234            android:label="@string/general_settings_activity_title"
234-->src\main\AndroidManifest.xml:144:13-68
235            android:launchMode="singleTask"
235-->src\main\AndroidManifest.xml:146:13-44
236            android:parentActivityName="com.android.messaging.ui.appsettings.SettingsActivity"
236-->src\main\AndroidManifest.xml:145:13-74
237            android:screenOrientation="landscape"
237-->src\main\AndroidManifest.xml:147:13-50
238            android:theme="@style/BugleTheme.SettingsActivity" >
238-->src\main\AndroidManifest.xml:148:13-63
239            <intent-filter>
239-->src\main\AndroidManifest.xml:149:13-154:29
240                <action android:name="android.intent.action.MAIN" />
240-->src\main\AndroidManifest.xml:40:17-69
240-->src\main\AndroidManifest.xml:40:25-66
241
242                <category android:name="android.intent.category.DEFAULT" />
242-->src\main\AndroidManifest.xml:42:17-76
242-->src\main\AndroidManifest.xml:42:27-73
243                <category android:name="android.intent.category.NOTIFICATION_PREFERENCES" />
243-->src\main\AndroidManifest.xml:153:17-93
243-->src\main\AndroidManifest.xml:153:27-90
244            </intent-filter>
245
246            <meta-data
246-->src\main\AndroidManifest.xml:85:13-87:102
247                android:name="android.support.PARENT_ACTIVITY"
247-->src\main\AndroidManifest.xml:86:17-63
248                android:value="com.android.messaging.ui.appsettings.SettingsActivity" />
248-->src\main\AndroidManifest.xml:87:17-99
249        </activity> <!-- Handles sharing intent -->
250        <activity
250-->src\main\AndroidManifest.xml:160:9-186:20
251            android:name="com.android.messaging.ui.conversationlist.ShareIntentActivity"
251-->src\main\AndroidManifest.xml:161:13-68
252            android:configChanges="orientation|screenSize|keyboardHidden"
252-->src\main\AndroidManifest.xml:162:13-74
253            android:documentLaunchMode="always"
253-->src\main\AndroidManifest.xml:163:13-48
254            android:excludeFromRecents="true"
254-->src\main\AndroidManifest.xml:164:13-46
255            android:screenOrientation="landscape"
255-->src\main\AndroidManifest.xml:165:13-50
256            android:theme="@style/BugleTheme.DialogActivity" >
256-->src\main\AndroidManifest.xml:166:13-61
257            <intent-filter android:label="@string/share_intent_label" >
257-->src\main\AndroidManifest.xml:167:13-178:29
257-->src\main\AndroidManifest.xml:167:28-70
258                <action android:name="android.intent.action.SEND" />
258-->src\main\AndroidManifest.xml:168:17-69
258-->src\main\AndroidManifest.xml:168:25-66
259
260                <category android:name="android.intent.category.DEFAULT" />
260-->src\main\AndroidManifest.xml:42:17-76
260-->src\main\AndroidManifest.xml:42:27-73
261
262                <data android:mimeType="text/plain" />
262-->src\main\AndroidManifest.xml:64:17-46
262-->src\main\AndroidManifest.xml:172:23-52
263                <data android:mimeType="text/x-vCard" />
263-->src\main\AndroidManifest.xml:64:17-46
263-->src\main\AndroidManifest.xml:172:23-52
264                <data android:mimeType="text/x-vcard" />
264-->src\main\AndroidManifest.xml:64:17-46
264-->src\main\AndroidManifest.xml:172:23-52
265                <data android:mimeType="image/*" />
265-->src\main\AndroidManifest.xml:64:17-46
265-->src\main\AndroidManifest.xml:172:23-52
266                <data android:mimeType="audio/*" />
266-->src\main\AndroidManifest.xml:64:17-46
266-->src\main\AndroidManifest.xml:172:23-52
267                <data android:mimeType="application/ogg" />
267-->src\main\AndroidManifest.xml:64:17-46
267-->src\main\AndroidManifest.xml:172:23-52
268            </intent-filter>
269            <intent-filter android:label="@string/share_intent_label" >
269-->src\main\AndroidManifest.xml:179:13-185:29
269-->src\main\AndroidManifest.xml:179:28-70
270                <action android:name="android.intent.action.SEND_MULTIPLE" />
270-->src\main\AndroidManifest.xml:180:17-78
270-->src\main\AndroidManifest.xml:180:25-75
271
272                <category android:name="android.intent.category.DEFAULT" />
272-->src\main\AndroidManifest.xml:42:17-76
272-->src\main\AndroidManifest.xml:42:27-73
273
274                <data android:mimeType="image/*" />
274-->src\main\AndroidManifest.xml:64:17-46
274-->src\main\AndroidManifest.xml:172:23-52
275            </intent-filter>
276        </activity> <!-- People & Options -->